TN:
SF:controllers/clientesController.js
FN:5,(anonymous_0)
FN:54,(anonymous_1)
FN:75,(anonymous_2)
FN:106,(anonymous_3)
FN:146,(anonymous_4)
FNF:5
FNH:0
FNDA:0,(anonymous_0)
FNDA:0,(anonymous_1)
FNDA:0,(anonymous_2)
FNDA:0,(anonymous_3)
FNDA:0,(anonymous_4)
DA:1,0
DA:2,0
DA:5,0
DA:6,0
DA:7,0
DA:10,0
DA:13,0
DA:14,0
DA:21,0
DA:22,0
DA:25,0
DA:31,0
DA:33,0
DA:35,0
DA:45,0
DA:46,0
DA:54,0
DA:55,0
DA:56,0
DA:58,0
DA:60,0
DA:61,0
DA:64,0
DA:66,0
DA:67,0
DA:75,0
DA:76,0
DA:77,0
DA:80,0
DA:88,0
DA:90,0
DA:92,0
DA:97,0
DA:98,0
DA:106,0
DA:107,0
DA:108,0
DA:109,0
DA:112,0
DA:126,0
DA:127,0
DA:130,0
DA:132,0
DA:137,0
DA:138,0
DA:146,0
DA:147,0
DA:148,0
DA:150,0
DA:152,0
DA:153,0
DA:156,0
DA:158,0
DA:162,0
DA:163,0
LF:55
LH:0
BRDA:7,0,0,0
BRDA:7,1,0,0
BRDA:13,2,0,0
BRDA:13,2,1,0
BRDA:48,3,0,0
BRDA:48,3,1,0
BRDA:60,4,0,0
BRDA:60,4,1,0
BRDA:69,5,0,0
BRDA:69,5,1,0
BRDA:82,6,0,0
BRDA:82,6,1,0
BRDA:83,7,0,0
BRDA:83,7,1,0
BRDA:84,8,0,0
BRDA:84,8,1,0
BRDA:100,9,0,0
BRDA:100,9,1,0
BRDA:126,10,0,0
BRDA:126,10,1,0
BRDA:140,11,0,0
BRDA:140,11,1,0
BRDA:152,12,0,0
BRDA:152,12,1,0
BRDA:165,13,0,0
BRDA:165,13,1,0
BRF:26
BRH:0
end_of_record
TN:
SF:controllers/mealPlansController.js
FN:7,(anonymous_0)
FN:11,(anonymous_1)
FN:37,(anonymous_2)
FN:47,(anonymous_3)
FN:48,(anonymous_4)
FN:68,(anonymous_5)
FN:118,(anonymous_6)
FN:137,(anonymous_7)
FN:144,(anonymous_8)
FN:150,(anonymous_9)
FN:173,(anonymous_10)
FN:188,(anonymous_11)
FN:198,(anonymous_12)
FN:235,(anonymous_13)
FN:272,(anonymous_14)
FN:282,(anonymous_15)
FN:312,(anonymous_16)
FN:352,(anonymous_17)
FNF:18
FNH:0
FNDA:0,(anonymous_0)
FNDA:0,(anonymous_1)
FNDA:0,(anonymous_2)
FNDA:0,(anonymous_3)
FNDA:0,(anonymous_4)
FNDA:0,(anonymous_5)
FNDA:0,(anonymous_6)
FNDA:0,(anonymous_7)
FNDA:0,(anonymous_8)
FNDA:0,(anonymous_9)
FNDA:0,(anonymous_10)
FNDA:0,(anonymous_11)
FNDA:0,(anonymous_12)
FNDA:0,(anonymous_13)
FNDA:0,(anonymous_14)
FNDA:0,(anonymous_15)
FNDA:0,(anonymous_16)
FNDA:0,(anonymous_17)
DA:1,0
DA:2,0
DA:3,0
DA:4,0
DA:7,0
DA:8,0
DA:10,0
DA:11,0
DA:20,0
DA:23,0
DA:24,0
DA:27,0
DA:28,0
DA:31,0
DA:32,0
DA:36,0
DA:37,0
DA:38,0
DA:39,0
DA:40,0
DA:43,0
DA:47,0
DA:48,0
DA:50,0
DA:51,0
DA:55,0
DA:65,0
DA:68,0
DA:84,0
DA:86,0
DA:88,0
DA:106,0
DA:108,0
DA:113,0
DA:118,0
DA:119,0
DA:120,0
DA:122,0
DA:123,0
DA:127,0
DA:128,0
DA:129,0
DA:133,0
DA:136,0
DA:137,0
DA:138,0
DA:139,0
DA:140,0
DA:143,0
DA:144,0
DA:145,0
DA:146,0
DA:150,0
DA:169,0
DA:174,0
DA:179,0
DA:180,0
DA:188,0
DA:189,0
DA:191,0
DA:192,0
DA:194,0
DA:195,0
DA:198,0
DA:206,0
DA:209,0
DA:224,0
DA:225,0
DA:229,0
DA:231,0
DA:234,0
DA:235,0
DA:250,0
DA:254,0
DA:261,0
DA:262,0
DA:267,0
DA:272,0
DA:273,0
DA:275,0
DA:276,0
DA:278,0
DA:279,0
DA:282,0
DA:284,0
DA:287,0
DA:289,0
DA:290,0
DA:293,0
DA:296,0
DA:301,0
DA:302,0
DA:307,0
DA:312,0
DA:313,0
DA:322,0
DA:325,0
DA:327,0
DA:328,0
DA:329,0
DA:330,0
DA:335,0
DA:336,0
DA:337,0
DA:338,0
DA:342,0
DA:343,0
DA:348,0
DA:351,0
DA:353,0
DA:354,0
DA:361,0
DA:372,0
DA:373,0
LF:114
LH:0
BRDA:23,0,0,0
BRDA:23,0,1,0
BRDA:27,1,0,0
BRDA:27,1,1,0
BRDA:27,2,0,0
BRDA:27,2,1,0
BRDA:31,3,0,0
BRDA:31,3,1,0
BRDA:31,4,0,0
BRDA:31,4,1,0
BRDA:38,5,0,0
BRDA:38,5,1,0
BRDA:39,6,0,0
BRDA:39,6,1,0
BRDA:40,7,0,0
BRDA:40,7,1,0
BRDA:50,8,0,0
BRDA:50,8,1,0
BRDA:57,9,0,0
BRDA:57,9,1,0
BRDA:58,10,0,0
BRDA:58,10,1,0
BRDA:59,11,0,0
BRDA:59,11,1,0
BRDA:61,12,0,0
BRDA:61,12,1,0
BRDA:71,13,0,0
BRDA:71,13,1,0
BRDA:72,14,0,0
BRDA:72,14,1,0
BRDA:73,15,0,0
BRDA:73,15,1,0
BRDA:74,16,0,0
BRDA:74,16,1,0
BRDA:75,17,0,0
BRDA:75,17,1,0
BRDA:78,18,0,0
BRDA:78,18,1,0
BRDA:79,19,0,0
BRDA:79,19,1,0
BRDA:80,20,0,0
BRDA:80,20,1,0
BRDA:122,21,0,0
BRDA:122,21,1,0
BRDA:128,22,0,0
BRDA:128,22,1,0
BRDA:138,23,0,0
BRDA:138,23,1,0
BRDA:139,24,0,0
BRDA:139,24,1,0
BRDA:140,25,0,0
BRDA:140,25,1,0
BRDA:155,26,0,0
BRDA:155,26,1,0
BRDA:159,27,0,0
BRDA:159,27,1,0
BRDA:163,28,0,0
BRDA:163,28,1,0
BRDA:174,29,0,0
BRDA:174,29,1,0
BRDA:174,30,0,0
BRDA:174,30,1,0
BRDA:174,31,0,0
BRDA:174,31,1,0
BRDA:182,32,0,0
BRDA:182,32,1,0
BRDA:194,33,0,0
BRDA:194,33,1,0
BRDA:214,34,0,0
BRDA:214,34,1,0
BRDA:224,35,0,0
BRDA:224,35,1,0
BRDA:229,36,0,0
BRDA:229,36,1,0
BRDA:234,37,0,0
BRDA:234,37,1,0
BRDA:238,38,0,0
BRDA:238,38,1,0
BRDA:239,39,0,0
BRDA:239,39,1,0
BRDA:240,40,0,0
BRDA:240,40,1,0
BRDA:241,41,0,0
BRDA:241,41,1,0
BRDA:242,42,0,0
BRDA:242,42,1,0
BRDA:244,43,0,0
BRDA:244,43,1,0
BRDA:245,44,0,0
BRDA:245,44,1,0
BRDA:246,45,0,0
BRDA:246,45,1,0
BRDA:278,46,0,0
BRDA:278,46,1,0
BRDA:289,47,0,0
BRDA:289,47,1,0
BRDA:315,48,0,0
BRDA:316,49,0,0
BRDA:327,50,0,0
BRDA:327,50,1,0
BRDA:328,51,0,0
BRDA:328,51,1,0
BRDA:329,52,0,0
BRDA:329,52,1,0
BRDA:335,53,0,0
BRDA:335,53,1,0
BRDA:335,54,0,0
BRDA:335,54,1,0
BRDA:337,55,0,0
BRDA:337,55,1,0
BRDA:338,56,0,0
BRDA:338,56,1,0
BRDA:375,57,0,0
BRDA:375,57,1,0
BRF:114
BRH:0
end_of_record
TN:
SF:controllers/planRecetasController.js
FN:7,(anonymous_0)
FN:22,(anonymous_1)
FN:92,(anonymous_2)
FN:140,(anonymous_3)
FN:241,(anonymous_4)
FN:282,(anonymous_5)
FNF:6
FNH:0
FNDA:0,(anonymous_0)
FNDA:0,(anonymous_1)
FNDA:0,(anonymous_2)
FNDA:0,(anonymous_3)
FNDA:0,(anonymous_4)
FNDA:0,(anonymous_5)
DA:1,0
DA:2,0
DA:3,0
DA:4,0
DA:7,0
DA:8,0
DA:9,0
DA:12,0
DA:13,0
DA:14,0
DA:18,0
DA:21,0
DA:24,0
DA:25,0
DA:26,0
DA:30,0
DA:31,0
DA:32,0
DA:36,0
DA:37,0
DA:38,0
DA:42,0
DA:43,0
DA:44,0
DA:47,0
DA:81,0
DA:83,0
DA:84,0
DA:92,0
DA:93,0
DA:94,0
DA:97,0
DA:98,0
DA:99,0
DA:103,0
DA:104,0
DA:105,0
DA:108,0
DA:109,0
DA:110,0
DA:113,0
DA:114,0
DA:115,0
DA:118,0
DA:119,0
DA:120,0
DA:123,0
DA:131,0
DA:132,0
DA:140,0
DA:141,0
DA:142,0
DA:143,0
DA:146,0
DA:147,0
DA:150,0
DA:151,0
DA:155,0
DA:156,0
DA:160,0
DA:161,0
DA:165,0
DA:166,0
DA:167,0
DA:171,0
DA:174,0
DA:180,0
DA:182,0
DA:183,0
DA:184,0
DA:185,0
DA:186,0
DA:187,0
DA:189,0
DA:191,0
DA:193,0
DA:201,0
DA:213,0
DA:215,0
DA:217,0
DA:223,0
DA:226,0
DA:227,0
DA:233,0
DA:241,0
DA:242,0
DA:243,0
DA:244,0
DA:247,0
DA:262,0
DA:263,0
DA:266,0
DA:268,0
DA:273,0
DA:274,0
DA:282,0
DA:283,0
DA:284,0
DA:286,0
DA:288,0
DA:289,0
DA:292,0
DA:294,0
DA:298,0
DA:299,0
LF:105
LH:0
BRDA:13,0,0,0
BRDA:13,0,1,0
BRDA:25,1,0,0
BRDA:25,1,1,0
BRDA:31,2,0,0
BRDA:31,2,1,0
BRDA:37,3,0,0
BRDA:37,3,1,0
BRDA:43,4,0,0
BRDA:43,4,1,0
BRDA:56,5,0,0
BRDA:56,5,1,0
BRDA:62,6,0,0
BRDA:62,6,1,0
BRDA:67,7,0,0
BRDA:67,7,1,0
BRDA:72,8,0,0
BRDA:72,8,1,0
BRDA:86,9,0,0
BRDA:86,9,1,0
BRDA:98,10,0,0
BRDA:98,10,1,0
BRDA:104,11,0,0
BRDA:104,11,1,0
BRDA:109,12,0,0
BRDA:109,12,1,0
BRDA:114,13,0,0
BRDA:114,13,1,0
BRDA:119,14,0,0
BRDA:119,14,1,0
BRDA:125,15,0,0
BRDA:125,15,1,0
BRDA:126,16,0,0
BRDA:126,16,1,0
BRDA:127,17,0,0
BRDA:127,17,1,0
BRDA:128,18,0,0
BRDA:128,18,1,0
BRDA:134,19,0,0
BRDA:134,19,1,0
BRDA:142,20,0,0
BRDA:142,20,1,0
BRDA:146,21,0,0
BRDA:146,21,1,0
BRDA:150,22,0,0
BRDA:150,22,1,0
BRDA:155,23,0,0
BRDA:155,23,1,0
BRDA:155,24,0,0
BRDA:155,24,1,0
BRDA:155,24,2,0
BRDA:155,24,3,0
BRDA:160,25,0,0
BRDA:160,25,1,0
BRDA:166,26,0,0
BRDA:166,26,1,0
BRDA:177,27,0,0
BRDA:177,27,1,0
BRDA:180,28,0,0
BRDA:180,28,1,0
BRDA:182,29,0,0
BRDA:182,29,1,0
BRDA:183,30,0,0
BRDA:183,30,1,0
BRDA:184,31,0,0
BRDA:184,31,1,0
BRDA:185,32,0,0
BRDA:185,32,1,0
BRDA:186,33,0,0
BRDA:186,33,1,0
BRDA:203,34,0,0
BRDA:203,34,1,0
BRDA:205,35,0,0
BRDA:205,35,1,0
BRDA:206,36,0,0
BRDA:206,36,1,0
BRDA:207,37,0,0
BRDA:207,37,1,0
BRDA:208,38,0,0
BRDA:208,38,1,0
BRDA:209,39,0,0
BRDA:209,39,1,0
BRDA:226,40,0,0
BRDA:226,40,1,0
BRDA:235,41,0,0
BRDA:235,41,1,0
BRDA:262,42,0,0
BRDA:262,42,1,0
BRDA:276,43,0,0
BRDA:276,43,1,0
BRDA:288,44,0,0
BRDA:288,44,1,0
BRDA:301,45,0,0
BRDA:301,45,1,0
BRF:94
BRH:0
end_of_record
TN:
SF:controllers/planesController.js
FN:7,(anonymous_0)
FN:40,(anonymous_1)
FN:70,(anonymous_2)
FN:86,(anonymous_3)
FN:136,(anonymous_4)
FN:181,(anonymous_5)
FN:220,(anonymous_6)
FNF:7
FNH:0
FNDA:0,(anonymous_0)
FNDA:0,(anonymous_1)
FNDA:0,(anonymous_2)
FNDA:0,(anonymous_3)
FNDA:0,(anonymous_4)
FNDA:0,(anonymous_5)
FNDA:0,(anonymous_6)
DA:1,0
DA:2,0
DA:3,0
DA:4,0
DA:7,0
DA:8,0
DA:9,0
DA:12,0
DA:15,0
DA:16,0
DA:20,0
DA:21,0
DA:25,0
DA:26,0
DA:29,0
DA:35,0
DA:37,0
DA:40,0
DA:51,0
DA:61,0
DA:62,0
DA:70,0
DA:71,0
DA:72,0
DA:75,0
DA:77,0
DA:78,0
DA:82,0
DA:85,0
DA:88,0
DA:89,0
DA:90,0
DA:94,0
DA:95,0
DA:96,0
DA:100,0
DA:101,0
DA:102,0
DA:106,0
DA:107,0
DA:108,0
DA:111,0
DA:122,0
DA:127,0
DA:128,0
DA:136,0
DA:137,0
DA:138,0
DA:141,0
DA:142,0
DA:148,0
DA:156,0
DA:158,0
DA:160,0
DA:172,0
DA:173,0
DA:181,0
DA:182,0
DA:183,0
DA:184,0
DA:187,0
DA:200,0
DA:201,0
DA:204,0
DA:206,0
DA:211,0
DA:212,0
DA:220,0
DA:221,0
DA:222,0
DA:225,0
DA:227,0
DA:228,0
DA:232,0
DA:235,0
DA:237,0
DA:239,0
DA:243,0
DA:244,0
LF:79
LH:0
BRDA:9,0,0,0
BRDA:9,1,0,0
BRDA:15,2,0,0
BRDA:15,2,1,0
BRDA:20,3,0,0
BRDA:20,3,1,0
BRDA:64,4,0,0
BRDA:64,4,1,0
BRDA:77,5,0,0
BRDA:77,5,1,0
BRDA:89,6,0,0
BRDA:89,6,1,0
BRDA:95,7,0,0
BRDA:95,7,1,0
BRDA:101,8,0,0
BRDA:101,8,1,0
BRDA:107,9,0,0
BRDA:107,9,1,0
BRDA:113,10,0,0
BRDA:113,10,1,0
BRDA:114,11,0,0
BRDA:114,11,1,0
BRDA:115,12,0,0
BRDA:115,12,1,0
BRDA:116,13,0,0
BRDA:116,13,1,0
BRDA:130,14,0,0
BRDA:130,14,1,0
BRDA:141,15,0,0
BRDA:141,15,1,0
BRDA:149,16,0,0
BRDA:149,16,1,0
BRDA:150,17,0,0
BRDA:150,17,1,0
BRDA:175,18,0,0
BRDA:175,18,1,0
BRDA:200,19,0,0
BRDA:200,19,1,0
BRDA:214,20,0,0
BRDA:214,20,1,0
BRDA:227,21,0,0
BRDA:227,21,1,0
BRDA:246,22,0,0
BRDA:246,22,1,0
BRF:44
BRH:0
end_of_record
TN:
SF:controllers/recetasController.js
FN:6,(anonymous_0)
FN:28,(anonymous_1)
FN:28,(anonymous_2)
FN:34,(anonymous_3)
FN:47,(anonymous_4)
FN:86,(anonymous_5)
FN:122,(anonymous_6)
FN:141,(anonymous_7)
FN:192,(anonymous_8)
FN:227,(anonymous_9)
FN:265,(anonymous_10)
FN:295,(anonymous_11)
FNF:12
FNH:0
FNDA:0,(anonymous_0)
FNDA:0,(anonymous_1)
FNDA:0,(anonymous_2)
FNDA:0,(anonymous_3)
FNDA:0,(anonymous_4)
FNDA:0,(anonymous_5)
FNDA:0,(anonymous_6)
FNDA:0,(anonymous_7)
FNDA:0,(anonymous_8)
FNDA:0,(anonymous_9)
FNDA:0,(anonymous_10)
FNDA:0,(anonymous_11)
DA:1,0
DA:2,0
DA:3,0
DA:6,0
DA:7,0
DA:8,0
DA:11,0
DA:12,0
DA:13,0
DA:14,0
DA:21,0
DA:24,0
DA:25,0
DA:28,0
DA:29,0
DA:30,0
DA:33,0
DA:34,0
DA:35,0
DA:36,0
DA:38,0
DA:47,0
DA:60,0
DA:63,0
DA:73,0
DA:74,0
DA:76,0
DA:86,0
DA:87,0
DA:88,0
DA:91,0
DA:92,0
DA:93,0
DA:100,0
DA:102,0
DA:103,0
DA:104,0
DA:107,0
DA:110,0
DA:111,0
DA:114,0
DA:122,0
DA:130,0
DA:132,0
DA:133,0
DA:141,0
DA:142,0
DA:143,0
DA:144,0
DA:147,0
DA:148,0
DA:154,0
DA:155,0
DA:161,0
DA:162,0
DA:169,0
DA:179,0
DA:180,0
DA:181,0
DA:184,0
DA:185,0
DA:188,0
DA:191,0
DA:192,0
DA:201,0
DA:202,0
DA:205,0
DA:211,0
DA:212,0
DA:218,0
DA:219,0
DA:227,0
DA:228,0
DA:229,0
DA:230,0
DA:233,0
DA:234,0
DA:235,0
DA:239,0
DA:240,0
DA:243,0
DA:254,0
DA:255,0
DA:259,0
DA:261,0
DA:264,0
DA:265,0
DA:274,0
DA:275,0
DA:279,0
DA:281,0
DA:286,0
DA:287,0
DA:295,0
DA:296,0
DA:297,0
DA:300,0
DA:301,0
DA:302,0
DA:306,0
DA:309,0
DA:310,0
DA:311,0
DA:314,0
DA:316,0
DA:320,0
DA:321,0
LF:107
LH:0
BRDA:12,0,0,0
BRDA:12,0,1,0
BRDA:35,1,0,0
BRDA:35,1,1,0
BRDA:39,2,0,0
BRDA:39,2,1,0
BRDA:40,3,0,0
BRDA:40,3,1,0
BRDA:41,4,0,0
BRDA:41,4,1,0
BRDA:42,5,0,0
BRDA:42,5,1,0
BRDA:52,6,0,0
BRDA:52,6,1,0
BRDA:56,7,0,0
BRDA:56,7,1,0
BRDA:57,8,0,0
BRDA:57,8,1,0
BRDA:79,9,0,0
BRDA:79,9,1,0
BRDA:80,10,0,0
BRDA:80,10,1,0
BRDA:91,11,0,0
BRDA:91,11,1,0
BRDA:102,12,0,0
BRDA:102,12,1,0
BRDA:117,13,0,0
BRDA:117,13,1,0
BRDA:121,14,0,0
BRDA:121,14,1,0
BRDA:123,15,0,0
BRDA:123,15,1,0
BRDA:124,16,0,0
BRDA:124,16,1,0
BRDA:125,17,0,0
BRDA:125,17,1,0
BRDA:126,18,0,0
BRDA:126,18,1,0
BRDA:135,19,0,0
BRDA:135,19,1,0
BRDA:147,20,0,0
BRDA:147,20,1,0
BRDA:147,21,0,0
BRDA:147,21,1,0
BRDA:154,22,0,0
BRDA:154,22,1,0
BRDA:161,23,0,0
BRDA:161,23,1,0
BRDA:170,24,0,0
BRDA:170,24,1,0
BRDA:171,25,0,0
BRDA:171,25,1,0
BRDA:173,26,0,0
BRDA:173,26,1,0
BRDA:175,27,0,0
BRDA:175,27,1,0
BRDA:185,28,0,0
BRDA:185,28,1,0
BRDA:191,29,0,0
BRDA:191,29,1,0
BRDA:191,30,0,0
BRDA:191,30,1,0
BRDA:194,31,0,0
BRDA:194,31,1,0
BRDA:197,32,0,0
BRDA:197,32,1,0
BRDA:214,33,0,0
BRDA:214,33,1,0
BRDA:221,34,0,0
BRDA:221,34,1,0
BRDA:234,35,0,0
BRDA:234,35,1,0
BRDA:254,36,0,0
BRDA:254,36,1,0
BRDA:259,37,0,0
BRDA:259,37,1,0
BRDA:259,38,0,0
BRDA:259,38,1,0
BRDA:264,39,0,0
BRDA:264,39,1,0
BRDA:267,40,0,0
BRDA:267,40,1,0
BRDA:270,41,0,0
BRDA:270,41,1,0
BRDA:270,41,2,0
BRDA:289,42,0,0
BRDA:289,42,1,0
BRDA:301,43,0,0
BRDA:301,43,1,0
BRDA:309,44,0,0
BRDA:309,44,1,0
BRDA:323,45,0,0
BRDA:323,45,1,0
BRF:93
BRH:0
end_of_record
TN:
SF:models/Cliente.js
FNF:0
FNH:0
DA:1,0
DA:3,0
DA:38,0
DA:40,0
LF:4
LH:0
BRF:0
BRH:0
end_of_record
TN:
SF:models/Ingrediente.js
FNF:0
FNH:0
DA:1,0
DA:3,0
DA:36,0
DA:38,0
LF:4
LH:0
BRF:0
BRH:0
end_of_record
TN:
SF:models/MealPlan.js
FNF:0
FNH:0
DA:1,0
DA:3,0
DA:38,0
LF:3
LH:0
BRF:0
BRH:0
end_of_record
TN:
SF:models/Plan.js
FN:30,(anonymous_0)
FN:40,(anonymous_1)
FN:78,(anonymous_2)
FN:84,(anonymous_3)
FNF:4
FNH:0
FNDA:0,(anonymous_0)
FNDA:0,(anonymous_1)
FNDA:0,(anonymous_2)
FNDA:0,(anonymous_3)
DA:1,0
DA:3,0
DA:31,0
DA:32,0
DA:41,0
DA:74,0
DA:75,0
DA:78,0
DA:79,0
DA:80,0
DA:84,0
DA:85,0
DA:86,0
DA:87,0
DA:89,0
DA:92,0
LF:16
LH:0
BRDA:31,0,0,0
BRDA:31,0,1,0
BRDA:85,1,0,0
BRDA:85,1,1,0
BRDA:85,2,0,0
BRDA:85,2,1,0
BRF:6
BRH:0
end_of_record
TN:
SF:models/PlanReceta.js
FN:93,(anonymous_0)
FN:111,(anonymous_1)
FNF:2
FNH:0
FNDA:0,(anonymous_0)
FNDA:0,(anonymous_1)
DA:1,0
DA:3,0
DA:89,0
DA:90,0
DA:93,0
DA:94,0
DA:95,0
DA:97,0
DA:98,0
DA:101,0
DA:102,0
DA:103,0
DA:104,0
DA:106,0
DA:111,0
DA:112,0
DA:113,0
DA:114,0
DA:115,0
DA:116,0
DA:119,0
DA:120,0
DA:121,0
DA:122,0
DA:123,0
DA:125,0
DA:128,0
LF:27
LH:0
BRDA:94,0,0,0
BRDA:94,0,1,0
BRDA:94,0,2,0
BRDA:94,0,3,0
BRDA:95,1,0,0
BRDA:95,1,1,0
BRDA:95,1,2,0
BRDA:95,1,3,0
BRDA:97,2,0,0
BRDA:97,2,1,0
BRDA:97,3,0,0
BRDA:97,3,1,0
BRDA:101,4,0,0
BRDA:101,4,1,0
BRDA:102,5,0,0
BRDA:102,5,1,0
BRDA:103,6,0,0
BRDA:103,6,1,0
BRDA:104,7,0,0
BRDA:104,7,1,0
BRDA:113,8,0,0
BRDA:113,8,1,0
BRDA:114,9,0,0
BRDA:114,9,1,0
BRDA:115,10,0,0
BRDA:115,10,1,0
BRDA:116,11,0,0
BRDA:116,11,1,0
BRDA:119,12,0,0
BRDA:119,12,1,0
BRDA:120,13,0,0
BRDA:120,13,1,0
BRDA:121,14,0,0
BRDA:121,14,1,0
BRDA:122,15,0,0
BRDA:122,15,1,0
BRDA:123,16,0,0
BRDA:123,16,1,0
BRF:38
BRH:0
end_of_record
TN:
SF:models/Receta.js
FN:78,(anonymous_0)
FN:83,(anonymous_1)
FNF:2
FNH:0
FNDA:0,(anonymous_0)
FNDA:0,(anonymous_1)
DA:1,0
DA:6,0
DA:30,0
DA:75,0
DA:78,0
DA:79,0
DA:82,0
DA:83,0
DA:91,0
DA:95,0
LF:10
LH:0
BRDA:82,0,0,0
BRDA:82,0,1,0
BRDA:82,1,0,0
BRDA:82,1,1,0
BRDA:85,2,0,0
BRDA:85,2,1,0
BRDA:86,3,0,0
BRDA:86,3,1,0
BRDA:87,4,0,0
BRDA:87,4,1,0
BRF:10
BRH:0
end_of_record
TN:
SF:schemas/OptimizedCliente.js
FN:203,(anonymous_0)
FN:208,(anonymous_1)
FN:210,(anonymous_2)
FN:215,(anonymous_3)
FN:217,(anonymous_4)
FN:222,(anonymous_5)
FN:231,(anonymous_6)
FNF:7
FNH:0
FNDA:0,(anonymous_0)
FNDA:0,(anonymous_1)
FNDA:0,(anonymous_2)
FNDA:0,(anonymous_3)
FNDA:0,(anonymous_4)
FNDA:0,(anonymous_5)
FNDA:0,(anonymous_6)
DA:1,0
DA:4,0
DA:61,0
DA:88,0
DA:196,0
DA:197,0
DA:198,0
DA:199,0
DA:200,0
DA:203,0
DA:204,0
DA:208,0
DA:209,0
DA:210,0
DA:215,0
DA:216,0
DA:217,0
DA:222,0
DA:223,0
DA:224,0
DA:227,0
DA:231,0
DA:232,0
DA:233,0
DA:235,0
DA:238,0
LF:26
LH:0
BRDA:204,0,0,0
BRDA:204,0,1,0
BRDA:232,1,0,0
BRDA:232,1,1,0
BRDA:232,2,0,0
BRDA:232,2,1,0
BRF:6
BRH:0
end_of_record
TN:
SF:schemas/OptimizedPlanComidas.js
FN:270,(anonymous_0)
FN:276,(anonymous_1)
FN:301,(anonymous_2)
FN:329,(anonymous_3)
FN:338,(anonymous_4)
FN:347,(anonymous_5)
FN:360,(anonymous_6)
FN:384,(anonymous_7)
FN:397,(anonymous_8)
FN:404,(anonymous_9)
FN:426,(anonymous_10)
FNF:11
FNH:0
FNDA:0,(anonymous_0)
FNDA:0,(anonymous_1)
FNDA:0,(anonymous_2)
FNDA:0,(anonymous_3)
FNDA:0,(anonymous_4)
FNDA:0,(anonymous_5)
FNDA:0,(anonymous_6)
FNDA:0,(anonymous_7)
FNDA:0,(anonymous_8)
FNDA:0,(anonymous_9)
FNDA:0,(anonymous_10)
DA:1,0
DA:4,0
DA:42,0
DA:88,0
DA:136,0
DA:263,0
DA:264,0
DA:265,0
DA:266,0
DA:267,0
DA:270,0
DA:271,0
DA:272,0
DA:276,0
DA:277,0
DA:280,0
DA:281,0
DA:291,0
DA:292,0
DA:294,0
DA:295,0
DA:297,0
DA:298,0
DA:299,0
DA:301,0
DA:302,0
DA:304,0
DA:305,0
DA:315,0
DA:316,0
DA:317,0
DA:329,0
DA:330,0
DA:331,0
DA:334,0
DA:338,0
DA:339,0
DA:340,0
DA:341,0
DA:342,0
DA:347,0
DA:348,0
DA:351,0
DA:352,0
DA:353,0
DA:354,0
DA:355,0
DA:356,0
DA:357,0
DA:360,0
DA:361,0
DA:365,0
DA:367,0
DA:384,0
DA:385,0
DA:386,0
DA:387,0
DA:388,0
DA:389,0
DA:391,0
DA:392,0
DA:393,0
DA:394,0
DA:397,0
DA:398,0
DA:400,0
DA:401,0
DA:404,0
DA:405,0
DA:406,0
DA:407,0
DA:408,0
DA:409,0
DA:413,0
DA:414,0
DA:415,0
DA:416,0
DA:417,0
DA:418,0
DA:419,0
DA:422,0
DA:426,0
DA:427,0
DA:428,0
DA:429,0
DA:432,0
LF:86
LH:0
BRDA:288,0,0,0
BRDA:288,0,1,0
BRDA:292,1,0,0
BRDA:292,1,1,0
BRDA:297,2,0,0
BRDA:297,2,1,0
BRDA:298,3,0,0
BRDA:298,3,1,0
BRDA:304,4,0,0
BRDA:304,4,1,0
BRDA:316,5,0,0
BRDA:316,5,1,0
BRDA:348,6,0,0
BRDA:348,6,1,0
BRDA:351,7,0,0
BRDA:351,7,1,0
BRDA:352,8,0,0
BRDA:352,8,1,0
BRDA:353,9,0,0
BRDA:353,9,1,0
BRDA:354,10,0,0
BRDA:354,10,1,0
BRDA:355,11,0,0
BRDA:355,11,1,0
BRDA:356,12,0,0
BRDA:356,12,1,0
BRDA:357,13,0,0
BRDA:357,13,1,0
BRDA:361,14,0,0
BRDA:361,14,1,0
BRDA:370,15,0,0
BRDA:370,15,1,0
BRDA:373,16,0,0
BRDA:373,16,1,0
BRDA:374,17,0,0
BRDA:374,17,1,0
BRDA:375,18,0,0
BRDA:375,18,1,0
BRDA:376,19,0,0
BRDA:376,19,1,0
BRDA:377,20,0,0
BRDA:377,20,1,0
BRDA:378,21,0,0
BRDA:378,21,1,0
BRDA:405,22,0,0
BRDA:405,22,1,0
BRDA:419,23,0,0
BRDA:419,23,1,0
BRF:48
BRH:0
end_of_record
TN:
SF:schemas/OptimizedReceta.js
FN:59,(anonymous_0)
FN:71,(anonymous_1)
FN:101,(anonymous_2)
FN:156,(anonymous_3)
FN:186,(anonymous_4)
FN:276,(anonymous_5)
FN:281,(anonymous_6)
FN:285,(anonymous_7)
FN:298,(anonymous_8)
FN:299,(anonymous_9)
FN:325,(anonymous_10)
FN:327,(anonymous_11)
FNF:12
FNH:11
FNDA:51,(anonymous_0)
FNDA:50,(anonymous_1)
FNDA:52,(anonymous_2)
FNDA:47,(anonymous_3)
FNDA:50,(anonymous_4)
FNDA:0,(anonymous_5)
FNDA:1,(anonymous_6)
FNDA:1,(anonymous_7)
FNDA:5,(anonymous_8)
FNDA:9,(anonymous_9)
FNDA:5,(anonymous_10)
FNDA:9,(anonymous_11)
DA:1,1
DA:4,1
DA:50,1
DA:60,51
DA:72,50
DA:102,52
DA:147,1
DA:157,47
DA:187,50
DA:269,1
DA:270,1
DA:271,1
DA:272,1
DA:273,1
DA:276,1
DA:277,0
DA:281,1
DA:282,1
DA:284,1
DA:285,1
DA:290,1
DA:291,1
DA:292,1
DA:294,1
DA:298,1
DA:299,5
DA:300,9
DA:301,2
DA:302,2
DA:303,2
DA:304,2
DA:305,2
DA:306,2
DA:307,2
DA:309,9
DA:312,5
DA:313,5
DA:325,1
DA:327,5
DA:328,9
DA:331,5
DA:334,5
DA:336,5
DA:339,1
LF:44
LH:43
BRDA:72,0,0,50
BRDA:72,0,1,50
BRDA:102,1,0,52
BRDA:102,1,1,8
BRDA:102,1,2,8
BRDA:187,2,0,50
BRDA:187,2,1,50
BRDA:300,3,0,2
BRDA:300,3,1,7
BRF:9
BRH:9
end_of_record
